# JRE version: Java(TM) SE Runtime Environment (8.0_121-b13) (build 1.8.0_121-b13)
# Java VM: Java HotSpot(TM) 64-Bit Server VM (25.121-b13 mixed mode windows-amd64 compressed oops)
Heap:
 PSYoungGen      total 71680K, used 37739K [0x00000000d5f80000, 0x00000000dd080000, 0x0000000100000000)
  eden space 66560K, 49% used [0x00000000d5f80000,0x00000000d7f5bfb0,0x00000000da080000)
  from space 5120K, 99% used [0x00000000da080000,0x00000000da57ed08,0x00000000da580000)
  to   space 8192K, 0% used [0x00000000dc880000,0x00000000dc880000,0x00000000dd080000)
 ParOldGen       total 59392K, used 7359K [0x0000000081e00000, 0x0000000085800000, 0x00000000d5f80000)
  object space 59392K, 12% used [0x0000000081e00000,0x000000008252ffd8,0x0000000085800000)
 Metaspace       used 24879K, capacity 25180K, committed 25472K, reserved 1071104K
  class space    used 3080K, capacity 3151K, committed 3200K, reserved 1048576K
GC Heap History (10 events):
Event: 2.430 GC heap before
{Heap before GC invocations=2 (full 0):
 PSYoungGen      total 38400K, used 37873K [0x00000000d5f80000, 0x00000000d8a00000, 0x0000000100000000)
  eden space 33280K, 100% used [0x00000000d5f80000,0x00000000d8000000,0x00000000d8000000)
  from space 5120K, 89% used [0x00000000d8000000,0x00000000d847c7a0,0x00000000d8500000)
  to   space 5120K, 0% used [0x00000000d8500000,0x00000000d8500000,0x00000000d8a00000)
 ParOldGen       total 87552K, used 8K [0x0000000081e00000, 0x0000000087380000, 0x00000000d5f80000)
  object space 87552K, 0% used [0x0000000081e00000,0x0000000081e02000,0x0000000087380000)
 Metaspace       used 13135K, capacity 13212K, committed 13440K, reserved 1060864K
  class space    used 1628K, capacity 1652K, committed 1664K, reserved 1048576K
Event: 2.441 GC heap after
Heap after GC invocations=2 (full 0):
 PSYoungGen      total 38400K, used 5105K [0x00000000d5f80000, 0x00000000daa80000, 0x0000000100000000)
  eden space 33280K, 0% used [0x00000000d5f80000,0x00000000d5f80000,0x00000000d8000000)
  from space 5120K, 99% used [0x00000000d8500000,0x00000000d89fc420,0x00000000d8a00000)
  to   space 5120K, 0% used [0x00000000d8000000,0x00000000d8000000,0x00000000d8500000)
 ParOldGen       total 87552K, used 2323K [0x0000000081e00000, 0x0000000087380000, 0x00000000d5f80000)
  object space 87552K, 2% used [0x0000000081e00000,0x0000000082044c80,0x0000000087380000)
 Metaspace       used 13135K, capacity 13212K, committed 13440K, reserved 1060864K
  class space    used 1628K, capacity 1652K, committed 1664K, reserved 1048576K
}
Event: 3.281 GC heap before
{Heap before GC invocations=3 (full 0):
 PSYoungGen      total 38400K, used 38385K [0x00000000d5f80000, 0x00000000daa80000, 0x0000000100000000)
  eden space 33280K, 100% used [0x00000000d5f80000,0x00000000d8000000,0x00000000d8000000)
  from space 5120K, 99% used [0x00000000d8500000,0x00000000d89fc420,0x00000000d8a00000)
  to   space 5120K, 0% used [0x00000000d8000000,0x00000000d8000000,0x00000000d8500000)
 ParOldGen       total 87552K, used 2323K [0x0000000081e00000, 0x0000000087380000, 0x00000000d5f80000)
  object space 87552K, 2% used [0x0000000081e00000,0x0000000082044c80,0x0000000087380000)
 Metaspace       used 17886K, capacity 18032K, committed 18176K, reserved 1064960K
  class space    used 2214K, capacity 2253K, committed 2304K, reserved 1048576K
Event: 3.292 GC heap after
Heap after GC invocations=3 (full 0):
 PSYoungGen      total 38400K, used 5096K [0x00000000d5f80000, 0x00000000daa80000, 0x0000000100000000)
  eden space 33280K, 0% used [0x00000000d5f80000,0x00000000d5f80000,0x00000000d8000000)
  from space 5120K, 99% used [0x00000000d8000000,0x00000000d84fa0f8,0x00000000d8500000)
  to   space 5120K, 0% used [0x00000000da580000,0x00000000da580000,0x00000000daa80000)
 ParOldGen       total 87552K, used 4062K [0x0000000081e00000, 0x0000000087380000, 0x00000000d5f80000)
  object space 87552K, 4% used [0x0000000081e00000,0x00000000821f7850,0x0000000087380000)
 Metaspace       used 17886K, capacity 18032K, committed 18176K, reserved 1064960K
  class space    used 2214K, capacity 2253K, committed 2304K, reserved 1048576K
}
Event: 4.274 GC heap before
{Heap before GC invocations=4 (full 0):
 PSYoungGen      total 38400K, used 36011K [0x00000000d5f80000, 0x00000000daa80000, 0x0000000100000000)
  eden space 33280K, 92% used [0x00000000d5f80000,0x00000000d7db0ea8,0x00000000d8000000)
  from space 5120K, 99% used [0x00000000d8000000,0x00000000d84fa0f8,0x00000000d8500000)
  to   space 5120K, 0% used [0x00000000da580000,0x00000000da580000,0x00000000daa80000)
 ParOldGen       total 87552K, used 4062K [0x0000000081e00000, 0x0000000087380000, 0x00000000d5f80000)
  object space 87552K, 4% used [0x0000000081e00000,0x00000000821f7850,0x0000000087380000)
 Metaspace       used 20854K, capacity 21064K, committed 21248K, reserved 1067008K
  class space    used 2603K, capacity 2689K, committed 2816K, reserved 1048576K
Event: 4.289 GC heap after
Heap after GC invocations=4 (full 0):
 PSYoungGen      total 71680K, used 5099K [0x00000000d5f80000, 0x00000000daa80000, 0x0000000100000000)
  eden space 66560K, 0% used [0x00000000d5f80000,0x00000000d5f80000,0x00000000da080000)
  from space 5120K, 99% used [0x00000000da580000,0x00000000daa7ad50,0x00000000daa80000)
  to   space 5120K, 0% used [0x00000000da080000,0x00000000da080000,0x00000000da580000)
 ParOldGen       total 87552K, used 5767K [0x0000000081e00000, 0x0000000087380000, 0x00000000d5f80000)
  object space 87552K, 6% used [0x0000000081e00000,0x00000000823a1e78,0x0000000087380000)
 Metaspace       used 20854K, capacity 21064K, committed 21248K, reserved 1067008K
  class space    used 2603K, capacity 2689K, committed 2816K, reserved 1048576K
}
Event: 4.289 GC heap before
{Heap before GC invocations=5 (full 1):
 PSYoungGen      total 71680K, used 5099K [0x00000000d5f80000, 0x00000000daa80000, 0x0000000100000000)
  eden space 66560K, 0% used [0x00000000d5f80000,0x00000000d5f80000,0x00000000da080000)
  from space 5120K, 99% used [0x00000000da580000,0x00000000daa7ad50,0x00000000daa80000)
  to   space 5120K, 0% used [0x00000000da080000,0x00000000da080000,0x00000000da580000)
 ParOldGen       total 87552K, used 5767K [0x0000000081e00000, 0x0000000087380000, 0x00000000d5f80000)
  object space 87552K, 6% used [0x0000000081e00000,0x00000000823a1e78,0x0000000087380000)
 Metaspace       used 20854K, capacity 21064K, committed 21248K, reserved 1067008K
  class space    used 2603K, capacity 2689K, committed 2816K, reserved 1048576K
Event: 4.346 GC heap after
Heap after GC invocations=5 (full 1):
 PSYoungGen      total 71680K, used 0K [0x00000000d5f80000, 0x00000000daa80000, 0x0000000100000000)
  eden space 66560K, 0% used [0x00000000d5f80000,0x00000000d5f80000,0x00000000da080000)
  from space 5120K, 0% used [0x00000000da580000,0x00000000da580000,0x00000000daa80000)
  to   space 5120K, 0% used [0x00000000da080000,0x00000000da080000,0x00000000da580000)
 ParOldGen       total 59392K, used 6764K [0x0000000081e00000, 0x0000000085800000, 0x00000000d5f80000)
  object space 59392K, 11% used [0x0000000081e00000,0x000000008249b040,0x0000000085800000)
 Metaspace       used 20854K, capacity 21064K, committed 21248K, reserved 1067008K
  class space    used 2603K, capacity 2689K, committed 2816K, reserved 1048576K
}
Event: 6.227 GC heap before
{Heap before GC invocations=6 (full 1):
 PSYoungGen      total 71680K, used 66560K [0x00000000d5f80000, 0x00000000daa80000, 0x0000000100000000)
  eden space 66560K, 100% used [0x00000000d5f80000,0x00000000da080000,0x00000000da080000)
  from space 5120K, 0% used [0x00000000da580000,0x00000000da580000,0x00000000daa80000)
  to   space 5120K, 0% used [0x00000000da080000,0x00000000da080000,0x00000000da580000)
 ParOldGen       total 59392K, used 6764K [0x0000000081e00000, 0x0000000085800000, 0x00000000d5f80000)
  object space 59392K, 11% used [0x0000000081e00000,0x000000008249b040,0x0000000085800000)
 Metaspace       used 23466K, capacity 23740K, committed 24064K, reserved 1071104K
  class space    used 2916K, capacity 2991K, committed 3072K, reserved 1048576K
Event: 6.243 GC heap after
Heap after GC invocations=6 (full 1):
 PSYoungGen      total 71680K, used 5115K [0x00000000d5f80000, 0x00000000dd080000, 0x0000000100000000)
  eden space 66560K, 0% used [0x00000000d5f80000,0x00000000d5f80000,0x00000000da080000)
  from space 5120K, 99% used [0x00000000da080000,0x00000000da57ed08,0x00000000da580000)
  to   space 8192K, 0% used [0x00000000dc880000,0x00000000dc880000,0x00000000dd080000)
 ParOldGen       total 59392K, used 7359K [0x0000000081e00000, 0x0000000085800000, 0x00000000d5f80000)
  object space 59392K, 12% used [0x0000000081e00000,0x000000008252ffd8,0x0000000085800000)
 Metaspace       used 23466K, capacity 23740K, committed 24064K, reserved 1071104K
  class space    used 2916K, capacity 2991K, committed 3072K, reserved 1048576K
}

