# JRE version: Java(TM) SE Runtime Environment (8.0_121-b13) (build 1.8.0_121-b13)
# Java VM: Java HotSpot(TM) 64-Bit Server VM (25.121-b13 mixed mode windows-amd64 compressed oops)
Heap:
 PSYoungGen      total 110080K, used 50939K [0x00000000d5f80000, 0x00000000dda00000, 0x0000000100000000)
  eden space 101888K, 41% used [0x00000000d5f80000,0x00000000d8942f70,0x00000000dc300000)
  from space 8192K, 99% used [0x00000000dcd80000,0x00000000dd57bfe0,0x00000000dd580000)
  to   space 10752K, 0% used [0x00000000dc300000,0x00000000dc300000,0x00000000dcd80000)
 ParOldGen       total 57344K, used 10895K [0x0000000081e00000, 0x0000000085600000, 0x00000000d5f80000)
  object space 57344K, 18% used [0x0000000081e00000,0x00000000828a3c68,0x0000000085600000)
 Metaspace       used 28672K, capacity 29020K, committed 29312K, reserved 1075200K
  class space    used 3565K, capacity 3647K, committed 3712K, reserved 1048576K
GC Heap History (10 events):
Event: 3.358 GC heap before
{Heap before GC invocations=3 (full 0):
 PSYoungGen      total 38400K, used 38378K [0x00000000d5f80000, 0x00000000daa80000, 0x0000000100000000)
  eden space 33280K, 100% used [0x00000000d5f80000,0x00000000d8000000,0x00000000d8000000)
  from space 5120K, 99% used [0x00000000d8500000,0x00000000d89faa48,0x00000000d8a00000)
  to   space 5120K, 0% used [0x00000000d8000000,0x00000000d8000000,0x00000000d8500000)
 ParOldGen       total 87552K, used 2296K [0x0000000081e00000, 0x0000000087380000, 0x00000000d5f80000)
  object space 87552K, 2% used [0x0000000081e00000,0x000000008203e118,0x0000000087380000)
 Metaspace       used 17895K, capacity 18032K, committed 18176K, reserved 1064960K
  class space    used 2220K, capacity 2253K, committed 2304K, reserved 1048576K
Event: 3.371 GC heap after
Heap after GC invocations=3 (full 0):
 PSYoungGen      total 38400K, used 5103K [0x00000000d5f80000, 0x00000000daa80000, 0x0000000100000000)
  eden space 33280K, 0% used [0x00000000d5f80000,0x00000000d5f80000,0x00000000d8000000)
  from space 5120K, 99% used [0x00000000d8000000,0x00000000d84fbf38,0x00000000d8500000)
  to   space 5120K, 0% used [0x00000000da580000,0x00000000da580000,0x00000000daa80000)
 ParOldGen       total 87552K, used 4076K [0x0000000081e00000, 0x0000000087380000, 0x00000000d5f80000)
  object space 87552K, 4% used [0x0000000081e00000,0x00000000821fb020,0x0000000087380000)
 Metaspace       used 17895K, capacity 18032K, committed 18176K, reserved 1064960K
  class space    used 2220K, capacity 2253K, committed 2304K, reserved 1048576K
}
Event: 4.225 GC heap before
{Heap before GC invocations=4 (full 0):
 PSYoungGen      total 38400K, used 36073K [0x00000000d5f80000, 0x00000000daa80000, 0x0000000100000000)
  eden space 33280K, 93% used [0x00000000d5f80000,0x00000000d7dbe878,0x00000000d8000000)
  from space 5120K, 99% used [0x00000000d8000000,0x00000000d84fbf38,0x00000000d8500000)
  to   space 5120K, 0% used [0x00000000da580000,0x00000000da580000,0x00000000daa80000)
 ParOldGen       total 87552K, used 4076K [0x0000000081e00000, 0x0000000087380000, 0x00000000d5f80000)
  object space 87552K, 4% used [0x0000000081e00000,0x00000000821fb020,0x0000000087380000)
 Metaspace       used 20853K, capacity 21064K, committed 21248K, reserved 1067008K
  class space    used 2611K, capacity 2689K, committed 2816K, reserved 1048576K
Event: 4.240 GC heap after
Heap after GC invocations=4 (full 0):
 PSYoungGen      total 71680K, used 5099K [0x00000000d5f80000, 0x00000000daa80000, 0x0000000100000000)
  eden space 66560K, 0% used [0x00000000d5f80000,0x00000000d5f80000,0x00000000da080000)
  from space 5120K, 99% used [0x00000000da580000,0x00000000daa7ad30,0x00000000daa80000)
  to   space 5120K, 0% used [0x00000000da080000,0x00000000da080000,0x00000000da580000)
 ParOldGen       total 87552K, used 5800K [0x0000000081e00000, 0x0000000087380000, 0x00000000d5f80000)
  object space 87552K, 6% used [0x0000000081e00000,0x00000000823aa088,0x0000000087380000)
 Metaspace       used 20853K, capacity 21064K, committed 21248K, reserved 1067008K
  class space    used 2611K, capacity 2689K, committed 2816K, reserved 1048576K
}
Event: 4.240 GC heap before
{Heap before GC invocations=5 (full 1):
 PSYoungGen      total 71680K, used 5099K [0x00000000d5f80000, 0x00000000daa80000, 0x0000000100000000)
  eden space 66560K, 0% used [0x00000000d5f80000,0x00000000d5f80000,0x00000000da080000)
  from space 5120K, 99% used [0x00000000da580000,0x00000000daa7ad30,0x00000000daa80000)
  to   space 5120K, 0% used [0x00000000da080000,0x00000000da080000,0x00000000da580000)
 ParOldGen       total 87552K, used 5800K [0x0000000081e00000, 0x0000000087380000, 0x00000000d5f80000)
  object space 87552K, 6% used [0x0000000081e00000,0x00000000823aa088,0x0000000087380000)
 Metaspace       used 20853K, capacity 21064K, committed 21248K, reserved 1067008K
  class space    used 2611K, capacity 2689K, committed 2816K, reserved 1048576K
Event: 4.285 GC heap after
Heap after GC invocations=5 (full 1):
 PSYoungGen      total 71680K, used 0K [0x00000000d5f80000, 0x00000000daa80000, 0x0000000100000000)
  eden space 66560K, 0% used [0x00000000d5f80000,0x00000000d5f80000,0x00000000da080000)
  from space 5120K, 0% used [0x00000000da580000,0x00000000da580000,0x00000000daa80000)
  to   space 5120K, 0% used [0x00000000da080000,0x00000000da080000,0x00000000da580000)
 ParOldGen       total 57344K, used 6766K [0x0000000081e00000, 0x0000000085600000, 0x00000000d5f80000)
  object space 57344K, 11% used [0x0000000081e00000,0x000000008249b8b8,0x0000000085600000)
 Metaspace       used 20853K, capacity 21064K, committed 21248K, reserved 1067008K
  class space    used 2611K, capacity 2689K, committed 2816K, reserved 1048576K
}
Event: 5.532 GC heap before
{Heap before GC invocations=6 (full 1):
 PSYoungGen      total 71680K, used 66560K [0x00000000d5f80000, 0x00000000daa80000, 0x0000000100000000)
  eden space 66560K, 100% used [0x00000000d5f80000,0x00000000da080000,0x00000000da080000)
  from space 5120K, 0% used [0x00000000da580000,0x00000000da580000,0x00000000daa80000)
  to   space 5120K, 0% used [0x00000000da080000,0x00000000da080000,0x00000000da580000)
 ParOldGen       total 57344K, used 6766K [0x0000000081e00000, 0x0000000085600000, 0x00000000d5f80000)
  object space 57344K, 11% used [0x0000000081e00000,0x000000008249b8b8,0x0000000085600000)
 Metaspace       used 23451K, capacity 23676K, committed 24064K, reserved 1071104K
  class space    used 2923K, capacity 2991K, committed 3072K, reserved 1048576K
Event: 5.547 GC heap after
Heap after GC invocations=6 (full 1):
 PSYoungGen      total 71680K, used 5107K [0x00000000d5f80000, 0x00000000dd580000, 0x0000000100000000)
  eden space 66560K, 0% used [0x00000000d5f80000,0x00000000d5f80000,0x00000000da080000)
  from space 5120K, 99% used [0x00000000da080000,0x00000000da57cc50,0x00000000da580000)
  to   space 8192K, 0% used [0x00000000dcd80000,0x00000000dcd80000,0x00000000dd580000)
 ParOldGen       total 57344K, used 7450K [0x0000000081e00000, 0x0000000085600000, 0x00000000d5f80000)
  object space 57344K, 12% used [0x0000000081e00000,0x0000000082546848,0x0000000085600000)
 Metaspace       used 23451K, capacity 23676K, committed 24064K, reserved 1071104K
  class space    used 2923K, capacity 2991K, committed 3072K, reserved 1048576K
}
Event: 7.037 GC heap before
{Heap before GC invocations=7 (full 1):
 PSYoungGen      total 71680K, used 71667K [0x00000000d5f80000, 0x00000000dd580000, 0x0000000100000000)
  eden space 66560K, 100% used [0x00000000d5f80000,0x00000000da080000,0x00000000da080000)
  from space 5120K, 99% used [0x00000000da080000,0x00000000da57cc50,0x00000000da580000)
  to   space 8192K, 0% used [0x00000000dcd80000,0x00000000dcd80000,0x00000000dd580000)
 ParOldGen       total 57344K, used 7450K [0x0000000081e00000, 0x0000000085600000, 0x00000000d5f80000)
  object space 57344K, 12% used [0x0000000081e00000,0x0000000082546848,0x0000000085600000)
 Metaspace       used 27554K, capacity 27842K, committed 28160K, reserved 1073152K
  class space    used 3415K, capacity 3504K, committed 3584K, reserved 1048576K
Event: 7.056 GC heap after
Heap after GC invocations=7 (full 1):
 PSYoungGen      total 110080K, used 8175K [0x00000000d5f80000, 0x00000000dda00000, 0x0000000100000000)
  eden space 101888K, 0% used [0x00000000d5f80000,0x00000000d5f80000,0x00000000dc300000)
  from space 8192K, 99% used [0x00000000dcd80000,0x00000000dd57bfe0,0x00000000dd580000)
  to   space 10752K, 0% used [0x00000000dc300000,0x00000000dc300000,0x00000000dcd80000)
 ParOldGen       total 57344K, used 10895K [0x0000000081e00000, 0x0000000085600000, 0x00000000d5f80000)
  object space 57344K, 18% used [0x0000000081e00000,0x00000000828a3c68,0x0000000085600000)
 Metaspace       used 27554K, capacity 27842K, committed 28160K, reserved 1073152K
  class space    used 3415K, capacity 3504K, committed 3584K, reserved 1048576K
}

