# JRE version: Java(TM) SE Runtime Environment (8.0_121-b13) (build 1.8.0_121-b13)
# Java VM: Java HotSpot(TM) 64-Bit Server VM (25.121-b13 mixed mode windows-amd64 compressed oops)
Heap:
 PSYoungGen      total 112128K, used 61341K [0x00000000d5f80000, 0x00000000ddb80000, 0x0000000100000000)
  eden space 103936K, 51% used [0x00000000d5f80000,0x00000000d936a5b0,0x00000000dc500000)
  from space 8192K, 99% used [0x00000000dd000000,0x00000000dd7fcff0,0x00000000dd800000)
  to   space 11264K, 0% used [0x00000000dc500000,0x00000000dc500000,0x00000000dd000000)
 ParOldGen       total 56320K, used 11048K [0x0000000081e00000, 0x0000000085500000, 0x00000000d5f80000)
  object space 56320K, 19% used [0x0000000081e00000,0x00000000828ca370,0x0000000085500000)
 Metaspace       used 28975K, capacity 29250K, committed 29568K, reserved 1075200K
  class space    used 3592K, capacity 3680K, committed 3712K, reserved 1048576K
GC Heap History (10 events):
Event: 3.627 GC heap before
{Heap before GC invocations=3 (full 0):
 PSYoungGen      total 38400K, used 38391K [0x00000000d5f80000, 0x00000000daa80000, 0x0000000100000000)
  eden space 33280K, 100% used [0x00000000d5f80000,0x00000000d8000000,0x00000000d8000000)
  from space 5120K, 99% used [0x00000000d8500000,0x00000000d89fde30,0x00000000d8a00000)
  to   space 5120K, 0% used [0x00000000d8000000,0x00000000d8000000,0x00000000d8500000)
 ParOldGen       total 87552K, used 2244K [0x0000000081e00000, 0x0000000087380000, 0x00000000d5f80000)
  object space 87552K, 2% used [0x0000000081e00000,0x00000000820311e8,0x0000000087380000)
 Metaspace       used 17870K, capacity 17990K, committed 18176K, reserved 1064960K
  class space    used 2203K, capacity 2219K, committed 2304K, reserved 1048576K
Event: 3.640 GC heap after
Heap after GC invocations=3 (full 0):
 PSYoungGen      total 38400K, used 5106K [0x00000000d5f80000, 0x00000000daa80000, 0x0000000100000000)
  eden space 33280K, 0% used [0x00000000d5f80000,0x00000000d5f80000,0x00000000d8000000)
  from space 5120K, 99% used [0x00000000d8000000,0x00000000d84fcb98,0x00000000d8500000)
  to   space 5120K, 0% used [0x00000000da580000,0x00000000da580000,0x00000000daa80000)
 ParOldGen       total 87552K, used 3974K [0x0000000081e00000, 0x0000000087380000, 0x00000000d5f80000)
  object space 87552K, 4% used [0x0000000081e00000,0x00000000821e1b60,0x0000000087380000)
 Metaspace       used 17870K, capacity 17990K, committed 18176K, reserved 1064960K
  class space    used 2203K, capacity 2219K, committed 2304K, reserved 1048576K
}
Event: 4.795 GC heap before
{Heap before GC invocations=4 (full 0):
 PSYoungGen      total 38400K, used 36554K [0x00000000d5f80000, 0x00000000daa80000, 0x0000000100000000)
  eden space 33280K, 94% used [0x00000000d5f80000,0x00000000d7e35c78,0x00000000d8000000)
  from space 5120K, 99% used [0x00000000d8000000,0x00000000d84fcb98,0x00000000d8500000)
  to   space 5120K, 0% used [0x00000000da580000,0x00000000da580000,0x00000000daa80000)
 ParOldGen       total 87552K, used 3974K [0x0000000081e00000, 0x0000000087380000, 0x00000000d5f80000)
  object space 87552K, 4% used [0x0000000081e00000,0x00000000821e1b60,0x0000000087380000)
 Metaspace       used 20877K, capacity 21064K, committed 21248K, reserved 1067008K
  class space    used 2601K, capacity 2689K, committed 2816K, reserved 1048576K
Event: 4.811 GC heap after
Heap after GC invocations=4 (full 0):
 PSYoungGen      total 71680K, used 5115K [0x00000000d5f80000, 0x00000000daa80000, 0x0000000100000000)
  eden space 66560K, 0% used [0x00000000d5f80000,0x00000000d5f80000,0x00000000da080000)
  from space 5120K, 99% used [0x00000000da580000,0x00000000daa7ed60,0x00000000daa80000)
  to   space 5120K, 0% used [0x00000000da080000,0x00000000da080000,0x00000000da580000)
 ParOldGen       total 87552K, used 5720K [0x0000000081e00000, 0x0000000087380000, 0x00000000d5f80000)
  object space 87552K, 6% used [0x0000000081e00000,0x0000000082396130,0x0000000087380000)
 Metaspace       used 20877K, capacity 21064K, committed 21248K, reserved 1067008K
  class space    used 2601K, capacity 2689K, committed 2816K, reserved 1048576K
}
Event: 4.811 GC heap before
{Heap before GC invocations=5 (full 1):
 PSYoungGen      total 71680K, used 5115K [0x00000000d5f80000, 0x00000000daa80000, 0x0000000100000000)
  eden space 66560K, 0% used [0x00000000d5f80000,0x00000000d5f80000,0x00000000da080000)
  from space 5120K, 99% used [0x00000000da580000,0x00000000daa7ed60,0x00000000daa80000)
  to   space 5120K, 0% used [0x00000000da080000,0x00000000da080000,0x00000000da580000)
 ParOldGen       total 87552K, used 5720K [0x0000000081e00000, 0x0000000087380000, 0x00000000d5f80000)
  object space 87552K, 6% used [0x0000000081e00000,0x0000000082396130,0x0000000087380000)
 Metaspace       used 20877K, capacity 21064K, committed 21248K, reserved 1067008K
  class space    used 2601K, capacity 2689K, committed 2816K, reserved 1048576K
Event: 4.868 GC heap after
Heap after GC invocations=5 (full 1):
 PSYoungGen      total 71680K, used 0K [0x00000000d5f80000, 0x00000000daa80000, 0x0000000100000000)
  eden space 66560K, 0% used [0x00000000d5f80000,0x00000000d5f80000,0x00000000da080000)
  from space 5120K, 0% used [0x00000000da580000,0x00000000da580000,0x00000000daa80000)
  to   space 5120K, 0% used [0x00000000da080000,0x00000000da080000,0x00000000da580000)
 ParOldGen       total 56320K, used 6814K [0x0000000081e00000, 0x0000000085500000, 0x00000000d5f80000)
  object space 56320K, 12% used [0x0000000081e00000,0x00000000824a7858,0x0000000085500000)
 Metaspace       used 20877K, capacity 21064K, committed 21248K, reserved 1067008K
  class space    used 2601K, capacity 2689K, committed 2816K, reserved 1048576K
}
Event: 6.248 GC heap before
{Heap before GC invocations=6 (full 1):
 PSYoungGen      total 71680K, used 66560K [0x00000000d5f80000, 0x00000000daa80000, 0x0000000100000000)
  eden space 66560K, 100% used [0x00000000d5f80000,0x00000000da080000,0x00000000da080000)
  from space 5120K, 0% used [0x00000000da580000,0x00000000da580000,0x00000000daa80000)
  to   space 5120K, 0% used [0x00000000da080000,0x00000000da080000,0x00000000da580000)
 ParOldGen       total 56320K, used 6814K [0x0000000081e00000, 0x0000000085500000, 0x00000000d5f80000)
  object space 56320K, 12% used [0x0000000081e00000,0x00000000824a7858,0x0000000085500000)
 Metaspace       used 23468K, capacity 23740K, committed 24064K, reserved 1071104K
  class space    used 2914K, capacity 2991K, committed 3072K, reserved 1048576K
Event: 6.274 GC heap after
Heap after GC invocations=6 (full 1):
 PSYoungGen      total 71680K, used 5102K [0x00000000d5f80000, 0x00000000dd800000, 0x0000000100000000)
  eden space 66560K, 0% used [0x00000000d5f80000,0x00000000d5f80000,0x00000000da080000)
  from space 5120K, 99% used [0x00000000da080000,0x00000000da57b918,0x00000000da580000)
  to   space 8192K, 0% used [0x00000000dd000000,0x00000000dd000000,0x00000000dd800000)
 ParOldGen       total 56320K, used 7507K [0x0000000081e00000, 0x0000000085500000, 0x00000000d5f80000)
  object space 56320K, 13% used [0x0000000081e00000,0x0000000082554df0,0x0000000085500000)
 Metaspace       used 23468K, capacity 23740K, committed 24064K, reserved 1071104K
  class space    used 2914K, capacity 2991K, committed 3072K, reserved 1048576K
}
Event: 8.169 GC heap before
{Heap before GC invocations=7 (full 1):
 PSYoungGen      total 71680K, used 71662K [0x00000000d5f80000, 0x00000000dd800000, 0x0000000100000000)
  eden space 66560K, 100% used [0x00000000d5f80000,0x00000000da080000,0x00000000da080000)
  from space 5120K, 99% used [0x00000000da080000,0x00000000da57b918,0x00000000da580000)
  to   space 8192K, 0% used [0x00000000dd000000,0x00000000dd000000,0x00000000dd800000)
 ParOldGen       total 56320K, used 7507K [0x0000000081e00000, 0x0000000085500000, 0x00000000d5f80000)
  object space 56320K, 13% used [0x0000000081e00000,0x0000000082554df0,0x0000000085500000)
 Metaspace       used 27602K, capacity 27906K, committed 28160K, reserved 1073152K
  class space    used 3411K, capacity 3504K, committed 3584K, reserved 1048576K
Event: 8.185 GC heap after
Heap after GC invocations=7 (full 1):
 PSYoungGen      total 112128K, used 8179K [0x00000000d5f80000, 0x00000000ddb80000, 0x0000000100000000)
  eden space 103936K, 0% used [0x00000000d5f80000,0x00000000d5f80000,0x00000000dc500000)
  from space 8192K, 99% used [0x00000000dd000000,0x00000000dd7fcff0,0x00000000dd800000)
  to   space 11264K, 0% used [0x00000000dc500000,0x00000000dc500000,0x00000000dd000000)
 ParOldGen       total 56320K, used 11048K [0x0000000081e00000, 0x0000000085500000, 0x00000000d5f80000)
  object space 56320K, 19% used [0x0000000081e00000,0x00000000828ca370,0x0000000085500000)
 Metaspace       used 27602K, capacity 27906K, committed 28160K, reserved 1073152K
  class space    used 3411K, capacity 3504K, committed 3584K, reserved 1048576K
}

